<?xml version="1.0" encoding="UTF-8"?>
<testng-results skipped="0" failed="1" total="1" passed="0">
  <reporter-output>
    <line>
      <![CDATA[<br><br>STEP 01 | Open URL ]]>
    </line>
    <line>
      <![CDATA[<br><br>STEP 02 | Enter Email address of Student  ]]>
    </line>
  </reporter-output>
  <suite name="Report" duration-ms="67911" started-at="2019-08-29T12:52:56Z" finished-at="2019-08-29T12:54:04Z">
    <groups>
    </groups>
    <test name="Verify Login details of Student" duration-ms="67911" started-at="2019-08-29T12:52:56Z" finished-at="2019-08-29T12:54:04Z">
      <class name="com.Duva.Sawko.Testsuit">
        <test-method status="PASS" signature="onBefore()[pri:0, instance:com.Duva.Sawko.Testsuit@45c8e616]" name="onBefore" is-config="true" duration-ms="15" started-at="2019-08-29T18:22:56Z" finished-at="2019-08-29T18:22:56Z">
          <reporter-output>
          </reporter-output>
        </test-method> <!-- onBefore -->
        <test-method status="FAIL" signature="Verify_Login_Details_of_Student()[pri:0, instance:com.Duva.Sawko.Testsuit@45c8e616]" name="Verify_Login_Details_of_Student" duration-ms="67597" started-at="2019-08-29T18:22:56Z" finished-at="2019-08-29T18:24:03Z">
          <exception class="org.openqa.selenium.ElementNotVisibleException">
            <message>
              <![CDATA[element not visible
  (Session info: chrome=76.0.3809.100)
  (Driver info: chromedriver=2.36.540469 (1881fd7f8641508feb5166b7cae561d87723cfa8),platform=Mac OS X 10.12.6 x86_64) (WARNING: The server did not provide any stacktrace information)
Command duration or timeout: 20.11 seconds
Build info: version: '2.53.0', revision: '35ae25b1534ae328c771e0856c93e187490ca824', time: '2016-03-15 10:43:46'
System info: host: 'bapss-MacBook-Pro-3.local', ip: '169.254.123.246', os.name: 'Mac OS X', os.arch: 'x86_64', os.version: '10.12.6', java.version: '1.8.0_151'
Driver info: org.openqa.selenium.chrome.ChromeDriver
Capabilities [{applicationCacheEnabled=false, rotatable=false, mobileEmulationEnabled=false, networkConnectionEnabled=false, chrome={chromedriverVersion=2.36.540469 (1881fd7f8641508feb5166b7cae561d87723cfa8), userDataDir=/var/folders/p0/zj5s_ky53vg60z2tv1yk7tmw0000gn/T/.org.chromium.Chromium.SxaoIB}, takesHeapSnapshot=true, pageLoadStrategy=normal, databaseEnabled=false, handlesAlerts=true, hasTouchScreen=false, version=76.0.3809.100, platform=MAC, browserConnectionEnabled=false, nativeEvents=true, acceptSslCerts=false, acceptInsecureCerts=false, locationContextEnabled=true, webStorageEnabled=true, browserName=chrome, takesScreenshot=true, javascriptEnabled=true, cssSelectorsEnabled=true, setWindowRect=true, unexpectedAlertBehaviour=}]
Session ID: 20921a23afc0fc8e93eb27ff06639bf4]]>
            </message>
            <full-stacktrace>
              <![CDATA[org.openqa.selenium.ElementNotVisibleException: element not visible
  (Session info: chrome=76.0.3809.100)
  (Driver info: chromedriver=2.36.540469 (1881fd7f8641508feb5166b7cae561d87723cfa8),platform=Mac OS X 10.12.6 x86_64) (WARNING: The server did not provide any stacktrace information)
Command duration or timeout: 20.11 seconds
Build info: version: '2.53.0', revision: '35ae25b1534ae328c771e0856c93e187490ca824', time: '2016-03-15 10:43:46'
System info: host: 'bapss-MacBook-Pro-3.local', ip: '169.254.123.246', os.name: 'Mac OS X', os.arch: 'x86_64', os.version: '10.12.6', java.version: '1.8.0_151'
Driver info: org.openqa.selenium.chrome.ChromeDriver
Capabilities [{applicationCacheEnabled=false, rotatable=false, mobileEmulationEnabled=false, networkConnectionEnabled=false, chrome={chromedriverVersion=2.36.540469 (1881fd7f8641508feb5166b7cae561d87723cfa8), userDataDir=/var/folders/p0/zj5s_ky53vg60z2tv1yk7tmw0000gn/T/.org.chromium.Chromium.SxaoIB}, takesHeapSnapshot=true, pageLoadStrategy=normal, databaseEnabled=false, handlesAlerts=true, hasTouchScreen=false, version=76.0.3809.100, platform=MAC, browserConnectionEnabled=false, nativeEvents=true, acceptSslCerts=false, acceptInsecureCerts=false, locationContextEnabled=true, webStorageEnabled=true, browserName=chrome, takesScreenshot=true, javascriptEnabled=true, cssSelectorsEnabled=true, setWindowRect=true, unexpectedAlertBehaviour=}]
Session ID: 20921a23afc0fc8e93eb27ff06639bf4
	at sun.reflect.NativeConstructorAccessorImpl.newInstance0(Native Method)
	at sun.reflect.NativeConstructorAccessorImpl.newInstance(NativeConstructorAccessorImpl.java:62)
	at sun.reflect.DelegatingConstructorAccessorImpl.newInstance(DelegatingConstructorAccessorImpl.java:45)
	at java.lang.reflect.Constructor.newInstance(Constructor.java:423)
	at org.openqa.selenium.remote.ErrorHandler.createThrowable(ErrorHandler.java:206)
	at org.openqa.selenium.remote.ErrorHandler.throwIfResponseFailed(ErrorHandler.java:158)
	at org.openqa.selenium.remote.RemoteWebDriver.execute(RemoteWebDriver.java:678)
	at org.openqa.selenium.remote.RemoteWebElement.execute(RemoteWebElement.java:327)
	at org.openqa.selenium.remote.RemoteWebElement.sendKeys(RemoteWebElement.java:122)
	at com.Duva.Sawko.BasePage.verify_loing_details(BasePage.java:100)
	at com.Duva.Sawko.Testsuit.Verify_Login_Details_of_Student(Testsuit.java:24)
	at sun.reflect.NativeMethodAccessorImpl.invoke0(Native Method)
	at sun.reflect.NativeMethodAccessorImpl.invoke(NativeMethodAccessorImpl.java:62)
	at sun.reflect.DelegatingMethodAccessorImpl.invoke(DelegatingMethodAccessorImpl.java:43)
	at java.lang.reflect.Method.invoke(Method.java:498)
	at org.testng.internal.MethodInvocationHelper.invokeMethod(MethodInvocationHelper.java:84)
	at org.testng.internal.Invoker.invokeMethod(Invoker.java:714)
	at org.testng.internal.Invoker.invokeTestMethod(Invoker.java:901)
	at org.testng.internal.Invoker.invokeTestMethods(Invoker.java:1231)
	at org.testng.internal.TestMethodWorker.invokeTestMethods(TestMethodWorker.java:127)
	at org.testng.internal.TestMethodWorker.run(TestMethodWorker.java:111)
	at org.testng.TestRunner.privateRun(TestRunner.java:767)
	at org.testng.TestRunner.run(TestRunner.java:617)
	at org.testng.SuiteRunner.runTest(SuiteRunner.java:348)
	at org.testng.SuiteRunner.access$000(SuiteRunner.java:38)
	at org.testng.SuiteRunner$SuiteWorker.run(SuiteRunner.java:382)
	at org.testng.internal.thread.ThreadUtil$2.call(ThreadUtil.java:64)
	at java.util.concurrent.FutureTask.run(FutureTask.java:266)
	at java.util.concurrent.ThreadPoolExecutor.runWorker(ThreadPoolExecutor.java:1149)
	at java.util.concurrent.ThreadPoolExecutor$Worker.run(ThreadPoolExecutor.java:624)
	at java.lang.Thread.run(Thread.java:748)
]]>
            </full-stacktrace>
          </exception> <!-- org.openqa.selenium.ElementNotVisibleException -->
          <reporter-output>
            <line>
              <![CDATA[<br><br>STEP 01 | Open URL ]]>
            </line>
            <line>
              <![CDATA[<br><br>STEP 02 | Enter Email address of Student  ]]>
            </line>
          </reporter-output>
        </test-method> <!-- Verify_Login_Details_of_Student -->
        <test-method status="PASS" signature="tearDown()[pri:0, instance:com.Duva.Sawko.Testsuit@45c8e616]" name="tearDown" is-config="true" duration-ms="91" started-at="2019-08-29T18:24:04Z" finished-at="2019-08-29T18:24:04Z">
          <reporter-output>
          </reporter-output>
        </test-method> <!-- tearDown -->
      </class> <!-- com.Duva.Sawko.Testsuit -->
    </test> <!-- Verify Login details of Student -->
  </suite> <!-- Report -->
</testng-results>
