<?xml version="1.0" encoding="UTF-8"?>
<testng-results skipped="0" failed="0" total="1" passed="1">
  <reporter-output>
    <line>
      <![CDATA[<br><br>STEP 01 | Open URL ]]>
    </line>
    <line>
      <![CDATA[<br><br>STEP 02 | Enter Email address of Admin  ]]>
    </line>
    <line>
      <![CDATA[<br><br>STEP 03 | Enter Password of Admin  ]]>
    </line>
    <line>
      <![CDATA[<br><br>STEP 04 | Click on Sign In button  ]]>
    </line>
    <line>
      <![CDATA[<br><br>STEP 05 | Admin Logged In  Successfully  ]]>
    </line>
    <line>
      <![CDATA[<br><br>STEP 06 | Click on Chart Finder Tab ]]>
    </line>
    <line>
      <![CDATA[<br><br>STEP 07 | Select Chart Number ]]>
    </line>
    <line>
      <![CDATA[<br><br>STEP 08 | Click on Load Button ]]>
    </line>
    <line>
      <![CDATA[<br><br>STEP   | Click on Unlock Button ]]>
    </line>
    <line>
      <![CDATA[<br><br>STEP 10 | Click on Complete Button ]]>
    </line>
    <line>
      <![CDATA[<br><br>STEP 11 | Click on Yes Option ]]>
    </line>
    <line>
      <![CDATA[<br><br>STEP 12 | Select Dropdown Option ]]>
    </line>
  </reporter-output>
  <suite name="Default suite" duration-ms="91617" started-at="2022-01-26T06:09:32Z" finished-at="2022-01-26T06:11:03Z">
    <groups>
    </groups>
    <test name="Default test" duration-ms="91617" started-at="2022-01-26T06:09:32Z" finished-at="2022-01-26T06:11:03Z">
      <class name="com.Duva.Sawko.Testsuit">
        <test-method status="PASS" signature="onBefore()[pri:0, instance:com.Duva.Sawko.Testsuit@4b770e40]" name="onBefore" is-config="true" duration-ms="49" started-at="2022-01-26T11:39:32Z" finished-at="2022-01-26T11:39:32Z">
          <reporter-output>
          </reporter-output>
        </test-method> <!-- onBefore -->
        <test-method status="PASS" signature="Verify_to_Select_PFSH_option_in_Downcoded()[pri:0, instance:com.Duva.Sawko.Testsuit@4b770e40]" name="Verify_to_Select_PFSH_option_in_Downcoded" duration-ms="91250" started-at="2022-01-26T11:39:32Z" finished-at="2022-01-26T11:41:03Z">
          <reporter-output>
            <line>
              <![CDATA[<br><br>STEP 01 | Open URL ]]>
            </line>
            <line>
              <![CDATA[<br><br>STEP 02 | Enter Email address of Admin  ]]>
            </line>
            <line>
              <![CDATA[<br><br>STEP 03 | Enter Password of Admin  ]]>
            </line>
            <line>
              <![CDATA[<br><br>STEP 04 | Click on Sign In button  ]]>
            </line>
            <line>
              <![CDATA[<br><br>STEP 05 | Admin Logged In  Successfully  ]]>
            </line>
            <line>
              <![CDATA[<br><br>STEP 06 | Click on Chart Finder Tab ]]>
            </line>
            <line>
              <![CDATA[<br><br>STEP 07 | Select Chart Number ]]>
            </line>
            <line>
              <![CDATA[<br><br>STEP 08 | Click on Load Button ]]>
            </line>
            <line>
              <![CDATA[<br><br>STEP   | Click on Unlock Button ]]>
            </line>
            <line>
              <![CDATA[<br><br>STEP 10 | Click on Complete Button ]]>
            </line>
            <line>
              <![CDATA[<br><br>STEP 11 | Click on Yes Option ]]>
            </line>
            <line>
              <![CDATA[<br><br>STEP 12 | Select Dropdown Option ]]>
            </line>
          </reporter-output>
        </test-method> <!-- Verify_to_Select_PFSH_option_in_Downcoded -->
        <test-method status="PASS" signature="tearDown()[pri:0, instance:com.Duva.Sawko.Testsuit@4b770e40]" name="tearDown" is-config="true" duration-ms="188" started-at="2022-01-26T11:41:03Z" finished-at="2022-01-26T11:41:03Z">
          <reporter-output>
          </reporter-output>
        </test-method> <!-- tearDown -->
      </class> <!-- com.Duva.Sawko.Testsuit -->
    </test> <!-- Default test -->
  </suite> <!-- Default suite -->
</testng-results>
