<?xml version="1.0" encoding="UTF-8"?>
<!-- Generated by org.testng.reporters.JUnitXMLReporter -->
<testsuite hostname="bapss-MacBook-Pro-3.local" name="Verify To View Medical Decision Making Tools DSGCC Video" tests="1" failures="0" timestamp="8 Aug 2019 05:04:23 GMT" time="59.54" errors="0">
  <testcase name="Verify_To_View_Medical_Decision_Making_Tools_DSGCC_Video" time="59.429" classname="com.Duva.Sawko.Testsuit"/>
</testsuite> <!-- Verify To View Medical Decision Making Tools DSGCC Video -->
