<?xml version="1.0" encoding="UTF-8"?>
<!-- Generated by org.testng.reporters.JUnitXMLReporter -->
<testsuite hostname="bapss-MacBook-Pro-3.local" name="Verify To View Medical Decision Making Tools - Scenario Video" tests="1" failures="0" timestamp="8 Aug 2019 05:05:20 GMT" time="56.965" errors="0">
  <testcase name="Verify_To_View_Medical_Decision_Making_Tools_Scenario_Video" time="56.857" classname="com.Duva.Sawko.Testsuit"/>
</testsuite> <!-- Verify To View Medical Decision Making Tools - Scenario Video -->
